<?xml version="1.0" encoding="UTF-8"?>
<testsuite xmlns:xsi="http://www.w3.org/2001/XMLSchema-instance" xsi:schemaLocation="https://maven.apache.org/surefire/maven-surefire-plugin/xsd/surefire-test-report.xsd" name="com.automationPractice.stepDefinitions.RunnerClassTest" time="128.591" tests="16" errors="0" skipped="0" failures="0">
  <properties>
[...]
</properties>
  <testcase name="Given I am on the signIn or create account page" classname="Scenario: Register a new customer account and add maximum price dress" time="0.001"/>
  <testcase name="And I create a new customer account" classname="Scenario: Register a new customer account and add maximum price dress" time="0"/>
  <testcase name="And I add a dress of highest price to my cart" classname="Scenario: Register a new customer account and add maximum price dress" time="0"/>
  <testcase name="And I sign out of my account" classname="Scenario: Register a new customer account and add maximum price dress" time="0"/>
  <testcase name="And I am on the signIn or create account page" classname="Scenario: Register a new customer account and add maximum price dress" time="0"/>
  <testcase name="And I log back into my account" classname="Scenario: Register a new customer account and add maximum price dress" time="0"/>
  <testcase name="Then The dress is not available in my cart" classname="Scenario: Register a new customer account and add maximum price dress" time="0"/>
  <testcase name="Scenario: Register a new customer account and add maximum price dress" classname="Scenario: Register a new customer account and add maximum price dress" time="0"/>
  <testcase name="Given I am on the signIn or create account page" classname="Scenario: Sign In Using an existing account and add maximum price dress" time="0"/>
  <testcase name="And I login using email devadathpt@gmail.com and password Swaroopa@123" classname="Scenario: Sign In Using an existing account and add maximum price dress" time="0"/>
  <testcase name="And I login using email devadathpt@gmail.com and password Swaroopa@123" classname="Scenario: Sign In Using an existing account and add maximum price dress" time="0"/>
  <testcase name="And I add a dress of highest price to my cart" classname="Scenario: Sign In Using an existing account and add maximum price dress" time="0"/>
  <testcase name="And I sign out of my account" classname="Scenario: Sign In Using an existing account and add maximum price dress" time="0"/>
  <testcase name="And I am on the signIn or create account page" classname="Scenario: Sign In Using an existing account and add maximum price dress" time="0"/>
  <testcase name="Then The dress is not available in my cart" classname="Scenario: Sign In Using an existing account and add maximum price dress" time="0"/>
  <testcase name="Scenario: Sign In Using an existing account and add maximum price dress" classname="Scenario: Sign In Using an existing account and add maximum price dress" time="0"/>
</testsuite>